<?xml version="1.0" encoding="UTF-8"?>
<coverage generated="1613186915394" clover="3.2.0">
  <project timestamp="1613186915394" name="All files">
    <metrics statements="15" coveredstatements="15" conditionals="12" coveredconditionals="10" methods="6" coveredmethods="6" elements="33" coveredelements="31" complexity="0" loc="15" ncloc="15" packages="2" files="2" classes="2"/>
    <package name="src">
      <metrics statements="14" coveredstatements="14" conditionals="12" coveredconditionals="10" methods="5" coveredmethods="5"/>
      <file name="App.vue" path="/home/ogy/Documents/button/src/App.vue">
        <metrics statements="14" coveredstatements="14" conditionals="12" coveredconditionals="10" methods="5" coveredmethods="5"/>
        <line num="59" count="1" type="stmt"/>
        <line num="67" count="9" type="stmt"/>
        <line num="114" count="2" type="cond" truecount="4" falsecount="0"/>
        <line num="115" count="1" type="stmt"/>
        <line num="120" count="1" type="cond" truecount="3" falsecount="1"/>
        <line num="121" count="1" type="stmt"/>
        <line num="128" count="2" type="stmt"/>
        <line num="129" count="2" type="cond" truecount="2" falsecount="0"/>
        <line num="130" count="2" type="stmt"/>
        <line num="131" count="1" type="stmt"/>
        <line num="136" count="1" type="cond" truecount="1" falsecount="1"/>
        <line num="137" count="2" type="stmt"/>
        <line num="138" count="1" type="stmt"/>
        <line num="139" count="1" type="stmt"/>
      </file>
    </package>
    <package name="src.components">
      <metrics statements="1" coveredstatements="1" conditionals="0" coveredconditionals="0" methods="1" coveredmethods="1"/>
      <file name="RadioButton.vue" path="/home/ogy/Documents/button/src/components/RadioButton.vue">
        <metrics statements="1" coveredstatements="1" conditionals="0" coveredconditionals="0" methods="1" coveredmethods="1"/>
        <line num="21" count="69" type="stmt"/>
      </file>
    </package>
  </project>
</coverage>
