<?xml version="1.0" encoding="UTF-8"?>
<coverage generated="1613191961283" clover="3.2.0">
  <project timestamp="1613191961283" name="All files">
    <metrics statements="22" coveredstatements="22" conditionals="16" coveredconditionals="13" methods="8" coveredmethods="8" elements="46" coveredelements="43" complexity="0" loc="22" ncloc="22" packages="1" files="1" classes="1"/>
    <file name="App.vue" path="/home/ogy/Documents/button/src/App.vue">
      <metrics statements="22" coveredstatements="22" conditionals="16" coveredconditionals="13" methods="8" coveredmethods="8"/>
      <line num="87" count="1" type="stmt"/>
      <line num="95" count="11" type="stmt"/>
      <line num="143" count="2" type="cond" truecount="4" falsecount="0"/>
      <line num="144" count="1" type="stmt"/>
      <line num="149" count="1" type="cond" truecount="3" falsecount="1"/>
      <line num="150" count="1" type="stmt"/>
      <line num="157" count="2" type="stmt"/>
      <line num="158" count="2" type="cond" truecount="2" falsecount="0"/>
      <line num="159" count="2" type="stmt"/>
      <line num="160" count="1" type="stmt"/>
      <line num="165" count="1" type="cond" truecount="1" falsecount="1"/>
      <line num="166" count="2" type="stmt"/>
      <line num="167" count="1" type="stmt"/>
      <line num="174" count="2" type="stmt"/>
      <line num="175" count="2" type="cond" truecount="2" falsecount="0"/>
      <line num="176" count="1" type="stmt"/>
      <line num="177" count="3" type="stmt"/>
      <line num="178" count="1" type="stmt"/>
      <line num="179" count="1" type="cond" truecount="1" falsecount="1"/>
      <line num="180" count="1" type="stmt"/>
      <line num="181" count="3" type="stmt"/>
      <line num="182" count="1" type="stmt"/>
    </file>
  </project>
</coverage>
