{"/home/ogy/Documents/button/src/App.vue": {"path":"/home/ogy/Documents/button/src/App.vue","statementMap":{"0":{"start":{"line":87,"column":0},"end":{"line":87,"column":null}},"1":{"start":{"line":95,"column":0},"end":{"line":95,"column":null}},"2":{"start":{"line":143,"column":0},"end":{"line":155,"column":null}},"3":{"start":{"line":144,"column":0},"end":{"line":144,"column":null}},"4":{"start":{"line":149,"column":0},"end":{"line":155,"column":null}},"5":{"start":{"line":150,"column":0},"end":{"line":150,"column":null}},"6":{"start":{"line":157,"column":0},"end":{"line":157,"column":null}},"7":{"start":{"line":158,"column":0},"end":{"line":172,"column":null}},"8":{"start":{"line":159,"column":0},"end":{"line":159,"column":null}},"9":{"start":{"line":160,"column":0},"end":{"line":160,"column":null}},"10":{"start":{"line":165,"column":0},"end":{"line":172,"column":null}},"11":{"start":{"line":166,"column":0},"end":{"line":166,"column":null}},"12":{"start":{"line":167,"column":0},"end":{"line":167,"column":null}},"13":{"start":{"line":174,"column":0},"end":{"line":174,"column":null}},"14":{"start":{"line":175,"column":0},"end":{"line":183,"column":null}},"15":{"start":{"line":176,"column":0},"end":{"line":176,"column":null}},"16":{"start":{"line":177,"column":0},"end":{"line":177,"column":null}},"17":{"start":{"line":178,"column":0},"end":{"line":178,"column":null}},"18":{"start":{"line":179,"column":0},"end":{"line":183,"column":null}},"19":{"start":{"line":180,"column":0},"end":{"line":180,"column":null}},"20":{"start":{"line":181,"column":0},"end":{"line":181,"column":null}},"21":{"start":{"line":182,"column":0},"end":{"line":182,"column":null}}},"fnMap":{"0":{"name":"data","decl":{"start":{"line":94,"column":0},"end":{"line":94,"column":null}},"loc":{"start":{"line":94,"column":0},"end":{"line":140,"column":null}}},"1":{"name":"addButton","decl":{"start":{"line":142,"column":0},"end":{"line":142,"column":null}},"loc":{"start":{"line":142,"column":0},"end":{"line":156,"column":null}}},"2":{"name":"addSubcomponent","decl":{"start":{"line":157,"column":0},"end":{"line":157,"column":null}},"loc":{"start":{"line":157,"column":0},"end":{"line":173,"column":null}}},"3":{"name":"(anonymous_4)","decl":{"start":{"line":159,"column":0},"end":{"line":159,"column":null}},"loc":{"start":{"line":159,"column":0},"end":{"line":159,"column":null}}},"4":{"name":"(anonymous_5)","decl":{"start":{"line":166,"column":0},"end":{"line":166,"column":null}},"loc":{"start":{"line":166,"column":0},"end":{"line":166,"column":null}}},"5":{"name":"removeComponent","decl":{"start":{"line":174,"column":0},"end":{"line":174,"column":null}},"loc":{"start":{"line":174,"column":0},"end":{"line":184,"column":null}}},"6":{"name":"(anonymous_7)","decl":{"start":{"line":177,"column":0},"end":{"line":177,"column":null}},"loc":{"start":{"line":177,"column":0},"end":{"line":177,"column":null}}},"7":{"name":"(anonymous_8)","decl":{"start":{"line":181,"column":0},"end":{"line":181,"column":null}},"loc":{"start":{"line":181,"column":0},"end":{"line":181,"column":null}}}},"branchMap":{"0":{"loc":{"start":{"line":143,"column":0},"end":{"line":155,"column":null}},"type":"if","locations":[{"start":{"line":143,"column":0},"end":{"line":155,"column":null}},{"start":{"line":143,"column":0},"end":{"line":155,"column":null}}]},"1":{"loc":{"start":{"line":143,"column":0},"end":{"line":143,"column":null}},"type":"binary-expr","locations":[{"start":{"line":143,"column":0},"end":{"line":143,"column":null}},{"start":{"line":143,"column":0},"end":{"line":143,"column":null}}]},"2":{"loc":{"start":{"line":149,"column":0},"end":{"line":155,"column":null}},"type":"if","locations":[{"start":{"line":149,"column":0},"end":{"line":155,"column":null}},{"start":{"line":149,"column":0},"end":{"line":155,"column":null}}]},"3":{"loc":{"start":{"line":149,"column":0},"end":{"line":149,"column":null}},"type":"binary-expr","locations":[{"start":{"line":149,"column":0},"end":{"line":149,"column":null}},{"start":{"line":149,"column":0},"end":{"line":149,"column":null}}]},"4":{"loc":{"start":{"line":158,"column":0},"end":{"line":172,"column":null}},"type":"if","locations":[{"start":{"line":158,"column":0},"end":{"line":172,"column":null}},{"start":{"line":158,"column":0},"end":{"line":172,"column":null}}]},"5":{"loc":{"start":{"line":165,"column":0},"end":{"line":172,"column":null}},"type":"if","locations":[{"start":{"line":165,"column":0},"end":{"line":172,"column":null}},{"start":{"line":165,"column":0},"end":{"line":172,"column":null}}]},"6":{"loc":{"start":{"line":175,"column":0},"end":{"line":183,"column":null}},"type":"if","locations":[{"start":{"line":175,"column":0},"end":{"line":183,"column":null}},{"start":{"line":175,"column":0},"end":{"line":183,"column":null}}]},"7":{"loc":{"start":{"line":179,"column":0},"end":{"line":183,"column":null}},"type":"if","locations":[{"start":{"line":179,"column":0},"end":{"line":183,"column":null}},{"start":{"line":179,"column":0},"end":{"line":183,"column":null}}]}},"s":{"0":1,"1":11,"2":2,"3":1,"4":1,"5":1,"6":2,"7":2,"8":2,"9":1,"10":1,"11":2,"12":1,"13":2,"14":2,"15":1,"16":3,"17":1,"18":1,"19":1,"20":3,"21":1},"f":{"0":11,"1":2,"2":2,"3":1,"4":1,"5":2,"6":2,"7":2},"b":{"0":[1,1],"1":[2,1],"2":[1,0],"3":[1,1],"4":[1,1],"5":[1,0],"6":[1,1],"7":[1,0]}}
}
