{"/home/ogy/Documents/button/src/App.vue": {"path":"/home/ogy/Documents/button/src/App.vue","statementMap":{"0":{"start":{"line":59,"column":0},"end":{"line":59,"column":null}},"1":{"start":{"line":67,"column":0},"end":{"line":67,"column":null}},"2":{"start":{"line":114,"column":0},"end":{"line":126,"column":null}},"3":{"start":{"line":115,"column":0},"end":{"line":115,"column":null}},"4":{"start":{"line":120,"column":0},"end":{"line":126,"column":null}},"5":{"start":{"line":121,"column":0},"end":{"line":121,"column":null}},"6":{"start":{"line":128,"column":0},"end":{"line":128,"column":null}},"7":{"start":{"line":129,"column":0},"end":{"line":144,"column":null}},"8":{"start":{"line":130,"column":0},"end":{"line":130,"column":null}},"9":{"start":{"line":131,"column":0},"end":{"line":131,"column":null}},"10":{"start":{"line":136,"column":0},"end":{"line":144,"column":null}},"11":{"start":{"line":137,"column":0},"end":{"line":137,"column":null}},"12":{"start":{"line":138,"column":0},"end":{"line":138,"column":null}},"13":{"start":{"line":139,"column":0},"end":{"line":139,"column":null}}},"fnMap":{"0":{"name":"data","decl":{"start":{"line":66,"column":0},"end":{"line":66,"column":null}},"loc":{"start":{"line":66,"column":0},"end":{"line":111,"column":null}}},"1":{"name":"addButton","decl":{"start":{"line":113,"column":0},"end":{"line":113,"column":null}},"loc":{"start":{"line":113,"column":0},"end":{"line":127,"column":null}}},"2":{"name":"addSubcomponent","decl":{"start":{"line":128,"column":0},"end":{"line":128,"column":null}},"loc":{"start":{"line":128,"column":0},"end":{"line":145,"column":null}}},"3":{"name":"(anonymous_4)","decl":{"start":{"line":130,"column":0},"end":{"line":130,"column":null}},"loc":{"start":{"line":130,"column":0},"end":{"line":130,"column":null}}},"4":{"name":"(anonymous_5)","decl":{"start":{"line":137,"column":0},"end":{"line":137,"column":null}},"loc":{"start":{"line":137,"column":0},"end":{"line":137,"column":null}}}},"branchMap":{"0":{"loc":{"start":{"line":114,"column":0},"end":{"line":126,"column":null}},"type":"if","locations":[{"start":{"line":114,"column":0},"end":{"line":126,"column":null}},{"start":{"line":114,"column":0},"end":{"line":126,"column":null}}]},"1":{"loc":{"start":{"line":114,"column":0},"end":{"line":114,"column":null}},"type":"binary-expr","locations":[{"start":{"line":114,"column":0},"end":{"line":114,"column":null}},{"start":{"line":114,"column":0},"end":{"line":114,"column":null}}]},"2":{"loc":{"start":{"line":120,"column":0},"end":{"line":126,"column":null}},"type":"if","locations":[{"start":{"line":120,"column":0},"end":{"line":126,"column":null}},{"start":{"line":120,"column":0},"end":{"line":126,"column":null}}]},"3":{"loc":{"start":{"line":120,"column":0},"end":{"line":120,"column":null}},"type":"binary-expr","locations":[{"start":{"line":120,"column":0},"end":{"line":120,"column":null}},{"start":{"line":120,"column":0},"end":{"line":120,"column":null}}]},"4":{"loc":{"start":{"line":129,"column":0},"end":{"line":144,"column":null}},"type":"if","locations":[{"start":{"line":129,"column":0},"end":{"line":144,"column":null}},{"start":{"line":129,"column":0},"end":{"line":144,"column":null}}]},"5":{"loc":{"start":{"line":136,"column":0},"end":{"line":144,"column":null}},"type":"if","locations":[{"start":{"line":136,"column":0},"end":{"line":144,"column":null}},{"start":{"line":136,"column":0},"end":{"line":144,"column":null}}]}},"s":{"0":1,"1":9,"2":2,"3":1,"4":1,"5":1,"6":2,"7":2,"8":2,"9":1,"10":1,"11":2,"12":1,"13":1},"f":{"0":9,"1":2,"2":2,"3":1,"4":1},"b":{"0":[1,1],"1":[2,1],"2":[1,0],"3":[1,1],"4":[1,1],"5":[1,0]}}
,"/home/ogy/Documents/button/src/components/RadioButton.vue": {"path":"/home/ogy/Documents/button/src/components/RadioButton.vue","statementMap":{"0":{"start":{"line":21,"column":0},"end":{"line":21,"column":null}}},"fnMap":{"0":{"name":"data","decl":{"start":{"line":20,"column":0},"end":{"line":20,"column":null}},"loc":{"start":{"line":20,"column":0},"end":{"line":24,"column":null}}}},"branchMap":{},"s":{"0":69},"f":{"0":69},"b":{}}
}
