TN:
SF:src/App.vue
FN:94,data
FN:142,addButton
FN:157,addSubcomponent
FN:159,(anonymous_4)
FN:166,(anonymous_5)
FN:174,removeComponent
FN:177,(anonymous_7)
FN:181,(anonymous_8)
FNF:8
FNH:8
FNDA:11,data
FNDA:2,addButton
FNDA:2,addSubcomponent
FNDA:1,(anonymous_4)
FNDA:1,(anonymous_5)
FNDA:2,removeComponent
FNDA:2,(anonymous_7)
FNDA:2,(anonymous_8)
DA:87,1
DA:95,11
DA:143,2
DA:144,1
DA:149,1
DA:150,1
DA:157,2
DA:158,2
DA:159,2
DA:160,1
DA:165,1
DA:166,2
DA:167,1
DA:174,2
DA:175,2
DA:176,1
DA:177,3
DA:178,1
DA:179,1
DA:180,1
DA:181,3
DA:182,1
LF:22
LH:22
BRDA:143,0,0,1
BRDA:143,0,1,1
BRDA:143,1,0,2
BRDA:143,1,1,1
BRDA:149,2,0,1
BRDA:149,2,1,0
BRDA:149,3,0,1
BRDA:149,3,1,1
BRDA:158,4,0,1
BRDA:158,4,1,1
BRDA:165,5,0,1
BRDA:165,5,1,0
BRDA:175,6,0,1
BRDA:175,6,1,1
BRDA:179,7,0,1
BRDA:179,7,1,0
BRF:16
BRH:13
end_of_record
