TN:
SF:src/App.vue
FN:66,data
FN:113,addButton
FN:128,addSubcomponent
FN:130,(anonymous_4)
FN:137,(anonymous_5)
FNF:5
FNH:5
FNDA:9,data
FNDA:2,addButton
FNDA:2,addSubcomponent
FNDA:1,(anonymous_4)
FNDA:1,(anonymous_5)
DA:59,1
DA:67,9
DA:114,2
DA:115,1
DA:120,1
DA:121,1
DA:128,2
DA:129,2
DA:130,2
DA:131,1
DA:136,1
DA:137,2
DA:138,1
DA:139,1
LF:14
LH:14
BRDA:114,0,0,1
BRDA:114,0,1,1
BRDA:114,1,0,2
BRDA:114,1,1,1
BRDA:120,2,0,1
BRDA:120,2,1,0
BRDA:120,3,0,1
BRDA:120,3,1,1
BRDA:129,4,0,1
BRDA:129,4,1,1
BRDA:136,5,0,1
BRDA:136,5,1,0
BRF:12
BRH:10
end_of_record
TN:
SF:src/components/RadioButton.vue
FN:20,data
FNF:1
FNH:1
FNDA:69,data
DA:21,69
LF:1
LH:1
BRF:0
BRH:0
end_of_record
